SERVER_HANDSHAKE_TRAFFIC_SECRET db2ba8085ef03b40bfd9dccb4c1d0e8bd1dd6eed8059f305c54b7d6787de5307 2bb4c118ce483e3f74b21fc9db02093cb5f7c5b6c6391dbb016976982f9ca8aa1ecdbeb1242a0bc9f2a8145c2cfbd7fd
CLIENT_HANDSHAKE_TRAFFIC_SECRET db2ba8085ef03b40bfd9dccb4c1d0e8bd1dd6eed8059f305c54b7d6787de5307 f5a606fe1ee84678ed8d78c19a963de2ec5e4272f2d35bfbbac1dbed1c225fa253e1c4a3ad0860d7d4ccfb76dc6f4d02
EXPORTER_SECRET db2ba8085ef03b40bfd9dccb4c1d0e8bd1dd6eed8059f305c54b7d6787de5307 dd905d2afab9c833cf439fe8656b12887761edb1f05eaa551520b8aa8c1489bf06551531c0072190474139e7cec492d4
SERVER_TRAFFIC_SECRET_0 db2ba8085ef03b40bfd9dccb4c1d0e8bd1dd6eed8059f305c54b7d6787de5307 620f78b79ae81f97f173feafa1184bb6f04b5726e0a4b3ce42f75723e383d46e93bcf7bf2146decbf8a63cd2ffbcee52
CLIENT_TRAFFIC_SECRET_0 db2ba8085ef03b40bfd9dccb4c1d0e8bd1dd6eed8059f305c54b7d6787de5307 b9c8d2725f545beccc6522d04a40807b9eb707f0380f19a46ce5ec342e796b4ea6ebc29c6731a2ba79b236f05c69580c
SERVER_HANDSHAKE_TRAFFIC_SECRET c960594f9f5d01efec30a294781f51a93fecbc9c7868f58e0a492ebde07c546d 263318b3e507d4ccf3f928abce2a561c843454ab2fabcb7a9299a7bb0e2d9e4a356a543571cb7e7d389097ad9bea215b
CLIENT_HANDSHAKE_TRAFFIC_SECRET c960594f9f5d01efec30a294781f51a93fecbc9c7868f58e0a492ebde07c546d 6f2336243ca696218cc6a0ac873699633cb5a15a837223e15b2ffcf348700da22e4234562597d7f28150d095a3151447
EXPORTER_SECRET c960594f9f5d01efec30a294781f51a93fecbc9c7868f58e0a492ebde07c546d c865bcdfae4c87e3e2e7023a020c62327cab6a5d569ba695c58fde2055b7ff97b636b07e1b221dc8648d1405fac36e57
SERVER_TRAFFIC_SECRET_0 c960594f9f5d01efec30a294781f51a93fecbc9c7868f58e0a492ebde07c546d 1a0dcb7c5b023aacc4ffae934c27b78b08c17e54ef4da1019b52a8b15932a552a8ba0c9a0d14c1008a2edc7461acff8c
CLIENT_TRAFFIC_SECRET_0 c960594f9f5d01efec30a294781f51a93fecbc9c7868f58e0a492ebde07c546d 1cea2e8f4419596a4bf569143f31b09f0405aa41f6fce894bb1ae110b833abca61dc0390ab3bfbacc4b80566f2838ed9
SERVER_HANDSHAKE_TRAFFIC_SECRET 20f43887fbd71ea41e5eaf570b6054a00713eb63e59bb7c6106af2c8e9514195 f023c02976573680c57d957daf76d2c6a0e77a985ad257f4335c8fbd9e61bce88dd30ac3c5cbe3ba77f5b8b0aaf1c9ad
CLIENT_HANDSHAKE_TRAFFIC_SECRET 20f43887fbd71ea41e5eaf570b6054a00713eb63e59bb7c6106af2c8e9514195 52a91582e2eecb7583f39e965eb1a76812916e5dba478a6069823e86c23f8ed6b9b6c76199f777feec078a7a96f94b1e
EXPORTER_SECRET 20f43887fbd71ea41e5eaf570b6054a00713eb63e59bb7c6106af2c8e9514195 064d1e44f06e6b42d7220c51b4d7c87af6487b6be0b121b77ba587ebb6ffc422b133047f21570d35fd4187fc863dd794
SERVER_TRAFFIC_SECRET_0 20f43887fbd71ea41e5eaf570b6054a00713eb63e59bb7c6106af2c8e9514195 3cf028b6f0e10dc77d7510ba97dd7a8752982fa386372c224a60db98669af947313dc58dc00fef938e923b713405c787
CLIENT_TRAFFIC_SECRET_0 20f43887fbd71ea41e5eaf570b6054a00713eb63e59bb7c6106af2c8e9514195 fa590fe471e5f7f3e84e1b655f2d66ba4055b21d11532096e89ca0a4cff35aa6ddae10afab360107afaedd51eff24571
SERVER_HANDSHAKE_TRAFFIC_SECRET 86d97b761350c0de66ae6e35c57f7693e231d24f66fd76578e41ee2619bb8d6b 41a3c7f08b89eb472f99f612b59490c72b5c90265b32ff0aab3ec98011dce1b13e9af16dcaec5e982987f17524765757
CLIENT_HANDSHAKE_TRAFFIC_SECRET 86d97b761350c0de66ae6e35c57f7693e231d24f66fd76578e41ee2619bb8d6b 9f0d5825a3d37adf021b914a08e634a68bf563e365bcb83f6cebe3c64eac2b4300d8342a2bcd93f38f5b388db5aa21c8
EXPORTER_SECRET 86d97b761350c0de66ae6e35c57f7693e231d24f66fd76578e41ee2619bb8d6b 059969fd5533b9bcf1a7110d0ec0a3ae073a4d5b097547e62643dc20764fbb5723bc6bb267ed8795ff2093977661735d
SERVER_TRAFFIC_SECRET_0 86d97b761350c0de66ae6e35c57f7693e231d24f66fd76578e41ee2619bb8d6b 3c6ae8aa6a75683028ccb5834c0285fcf3abd272ad221750099044d1a05b288f846f85627a47a90548d447818848b718
CLIENT_TRAFFIC_SECRET_0 86d97b761350c0de66ae6e35c57f7693e231d24f66fd76578e41ee2619bb8d6b 36a731c97f5953364937d180297ee95154a3ed0502e7a121cfef906977d1128cec764c0d4fb772b4d220c4990381e1ff
SERVER_HANDSHAKE_TRAFFIC_SECRET 0be13f3f1bd5ec529796b5fea8edc88bc56f748cbd9b9867d35933081f1a5b8c c7659318a5f225f48d99072a7ba30dddf24afe4ceac8d855c93b47a25e38c6075f823650220e07a6a2c6a6272bd477f6
CLIENT_HANDSHAKE_TRAFFIC_SECRET 0be13f3f1bd5ec529796b5fea8edc88bc56f748cbd9b9867d35933081f1a5b8c 77d20697fee8adb1ad81866e79203466edd17d421e3b83e3d6231c7b5a425544c24dd8f1f3cf1760be19f583be47b501
EXPORTER_SECRET 0be13f3f1bd5ec529796b5fea8edc88bc56f748cbd9b9867d35933081f1a5b8c 79a3cb9730e9f5589af4bc6e36a08b3378675819fc3c35f938500448375c5709a95020dc56444c4da95070b57aa75439
SERVER_TRAFFIC_SECRET_0 0be13f3f1bd5ec529796b5fea8edc88bc56f748cbd9b9867d35933081f1a5b8c 477815b4bb2550ad82c173a1a9daf0875e06fe47e382f55258c1f77df9d2f549ea4a52c824d5f1392adde2899363d9d7
CLIENT_TRAFFIC_SECRET_0 0be13f3f1bd5ec529796b5fea8edc88bc56f748cbd9b9867d35933081f1a5b8c a4d59e5e4ed4ced6e387dbd9b54b8f5ed6eda083488705ce5a786bba4389b3710cae77a948c9bcc9f162081f9a02dcf4
SERVER_HANDSHAKE_TRAFFIC_SECRET 38c290146ea164c3b819ffb38d3ffa8de04c34d0e35758ff18264ff65dd10065 a350c3b0a9063d3bea90b8eb4d7a610ee8c38daa24db4023dd02e5c3accf96a062cc3f091a529965413345d4bde99cfb
CLIENT_HANDSHAKE_TRAFFIC_SECRET 38c290146ea164c3b819ffb38d3ffa8de04c34d0e35758ff18264ff65dd10065 5ab0435cbca39311650a1b30fbe6e614dc46252225a7f6da4eefe0f906cd1a679ebd347ce7ae7467b6f995515e2e17cc
EXPORTER_SECRET 38c290146ea164c3b819ffb38d3ffa8de04c34d0e35758ff18264ff65dd10065 b6f15f63e5ddfe32ac4437ffa76f6fbb88af66e654ffabbbe5edffbbc75cfa826d27f3b32e13bcaa63abd44713a8697d
SERVER_TRAFFIC_SECRET_0 38c290146ea164c3b819ffb38d3ffa8de04c34d0e35758ff18264ff65dd10065 058c411713dd52f72ef148014021aaf0931d736bd0e63d1d21e2a99d29445a2f9a8cccdd4aec3ee7875af3c8dd1d602f
CLIENT_TRAFFIC_SECRET_0 38c290146ea164c3b819ffb38d3ffa8de04c34d0e35758ff18264ff65dd10065 a3d8a32169c2c99e15102666620c432c6d20c2b16b9a3784e01b15b3864c92cc2d509f15d8ea9f4929e7592f96ac1919
